<?xml version="1.0" encoding="UTF-8"?>
<!-- Generated by org.testng.reporters.JUnitReportReporter -->
<testsuite hostname="DESKTOP-GH2VESU" failures="0" tests="1" name="com.website.WebMath.LengthTestcases" time="19.065" errors="0" timestamp="2023-06-24T20:50:05 IST" skipped="0">
  <testcase classname="com.website.WebMath.LengthTestcases" name="Conversion" time="19.065"/>
  <system-out/>
</testsuite> <!-- com.website.WebMath.LengthTestcases -->
