<?xml version="1.0" encoding="UTF-8"?>
<!-- Generated by org.testng.reporters.JUnitReportReporter -->
<testsuite hostname="DESKTOP-GH2VESU" failures="0" tests="1" name="com.website.WebMath.AreaTestcases" time="26.698" errors="0" timestamp="2023-06-24T20:44:42 IST" skipped="0">
  <testcase classname="com.website.WebMath.AreaTestcases" name="AreaConversion" time="26.698"/>
  <system-out/>
</testsuite> <!-- com.website.WebMath.AreaTestcases -->
