<?xml version="1.0" encoding="UTF-8"?>
<!-- Generated by org.testng.reporters.JUnitReportReporter -->
<testsuite hostname="DESKTOP-GH2VESU" failures="0" tests="1" name="com.website.WebMath.TemperatureTestcases" time="33.921" errors="0" timestamp="2023-06-24T20:59:26 IST" skipped="0">
  <testcase classname="com.website.WebMath.TemperatureTestcases" name="Conversion" time="33.921"/>
  <system-out/>
</testsuite> <!-- com.website.WebMath.TemperatureTestcases -->
