<?xml version="1.0" encoding="UTF-8"?>
<!-- Generated by org.testng.reporters.JUnitReportReporter -->
<testsuite hostname="DESKTOP-GH2VESU" failures="0" tests="1" name="com.website.WebMath.salePriceTesetcases" time="17.793" errors="0" timestamp="2023-06-21T15:50:33 IST" skipped="0">
  <testcase classname="com.website.WebMath.salePriceTesetcases" name="salePriceTestcase" time="17.793"/>
  <system-out/>
</testsuite> <!-- com.website.WebMath.salePriceTesetcases -->
