<?xml version="1.0" encoding="UTF-8"?>
<!-- Generated by org.testng.reporters.JUnitReportReporter -->
<testsuite hostname="DESKTOP-GH2VESU" failures="0" tests="1" name="com.website.WebMath.weightOnAnotherPlanetTestcases" time="14.263" errors="0" timestamp="2023-06-23T11:36:30 IST" skipped="0">
  <testcase classname="com.website.WebMath.weightOnAnotherPlanetTestcases" name="WeightOnAnotherPlanet" time="14.263"/>
  <system-out/>
</testsuite> <!-- com.website.WebMath.weightOnAnotherPlanetTestcases -->
