<?xml version="1.0" encoding="UTF-8"?>
<!-- Generated by org.testng.reporters.JUnitReportReporter -->
<testsuite hostname="DESKTOP-GH2VESU" failures="0" tests="1" name="com.website.WebMath.windChillTestcases" time="50.461" errors="0" timestamp="2023-06-22T15:35:17 IST" skipped="0">
  <testcase classname="com.website.WebMath.windChillTestcases" name="WindChillTestcase" time="50.461"/>
  <system-out/>
</testsuite> <!-- com.website.WebMath.windChillTestcases -->
