<?xml version="1.0" encoding="UTF-8"?>
<!-- Generated by org.testng.reporters.JUnitReportReporter -->
<testsuite hostname="DESKTOP-GH2VESU" failures="0" tests="1" name="com.website.WebMath.LoanTestcases" time="31.630" errors="0" timestamp="2023-06-24T21:38:17 IST" skipped="0">
  <testcase classname="com.website.WebMath.LoanTestcases" name="LoanCalculationTestcase" time="31.630"/>
  <system-out/>
</testsuite> <!-- com.website.WebMath.LoanTestcases -->
