<?xml version="1.0" encoding="UTF-8"?>
<!-- Generated by org.testng.reporters.JUnitReportReporter -->
<testsuite hostname="DESKTOP-GH2VESU" failures="0" tests="1" name="com.website.WebMath.lotteryOddsTestcases" time="24.066" errors="0" timestamp="2023-06-22T16:36:15 IST" skipped="0">
  <testcase classname="com.website.WebMath.lotteryOddsTestcases" name="LotteryOdds" time="24.066"/>
  <system-out/>
</testsuite> <!-- com.website.WebMath.lotteryOddsTestcases -->
