<?xml version="1.0" encoding="UTF-8"?>
<!-- Generated by org.testng.reporters.JUnitReportReporter -->
<testsuite hostname="DESKTOP-GH2VESU" failures="0" tests="1" name="com.website.WebMath.MassTestcases" time="18.864" errors="0" timestamp="2023-06-24T20:52:22 IST" skipped="0">
  <testcase classname="com.website.WebMath.MassTestcases" name="Conversion" time="18.864"/>
  <system-out/>
</testsuite> <!-- com.website.WebMath.MassTestcases -->
