<?xml version="1.0" encoding="UTF-8"?>
<!-- Generated by org.testng.reporters.JUnitReportReporter -->
<testsuite hostname="DESKTOP-GH2VESU" failures="0" tests="1" name="com.website.WebMath.costOfElectricityTestcases" time="29.391" errors="0" timestamp="2023-06-23T11:17:47 IST" skipped="0">
  <testcase classname="com.website.WebMath.costOfElectricityTestcases" name="CostOfElectricity" time="29.391"/>
  <system-out/>
</testsuite> <!-- com.website.WebMath.costOfElectricityTestcases -->
