<?xml version="1.0" encoding="UTF-8"?>
<!-- Generated by org.testng.reporters.JUnitReportReporter -->
<testsuite hostname="DESKTOP-GH2VESU" failures="0" tests="1" name="com.website.WebMath.mathForEveryoneUITestcases" time="14.363" errors="0" timestamp="2023-06-21T13:56:20 IST" skipped="0">
  <testcase classname="com.website.WebMath.mathForEveryoneUITestcases" name="MathForEveryoneTeastcases" time="14.363"/>
  <system-out/>
</testsuite> <!-- com.website.WebMath.mathForEveryoneUITestcases -->
