<?xml version="1.0" encoding="UTF-8"?>
<!-- Generated by org.testng.reporters.JUnitReportReporter -->
<testsuite hostname="DESKTOP-GH2VESU" failures="0" tests="1" name="com.website.WebMath.everydayMathUITestcases" time="12.179" errors="0" timestamp="2023-06-21T13:42:29 IST" skipped="0">
  <testcase classname="com.website.WebMath.everydayMathUITestcases" name="EverydayMathUI" time="12.179"/>
  <system-out/>
</testsuite> <!-- com.website.WebMath.everydayMathUITestcases -->
