<?xml version="1.0" encoding="UTF-8"?>
<!-- Generated by org.testng.reporters.JUnitReportReporter -->
<testsuite hostname="DESKTOP-GH2VESU" failures="0" tests="1" name="com.website.WebMath.PowerTestcases" time="29.791" errors="0" timestamp="2023-06-24T20:54:32 IST" skipped="0">
  <testcase classname="com.website.WebMath.PowerTestcases" name="Conversion" time="29.791"/>
  <system-out/>
</testsuite> <!-- com.website.WebMath.PowerTestcases -->
