<?xml version="1.0" encoding="UTF-8"?>
<!-- Generated by org.testng.reporters.JUnitReportReporter -->
<testsuite hostname="DESKTOP-GH2VESU" failures="0" tests="1" name="com.website.WebMath.VolumeTestcases" time="24.974" errors="0" timestamp="2023-06-24T21:00:30 IST" skipped="0">
  <testcase classname="com.website.WebMath.VolumeTestcases" name="Conversion" time="24.974"/>
  <system-out/>
</testsuite> <!-- com.website.WebMath.VolumeTestcases -->
