<?xml version="1.0" encoding="UTF-8"?>
<!-- Generated by org.testng.reporters.JUnitReportReporter -->
<testsuite hostname="DESKTOP-GH2VESU" failures="0" tests="1" name="com.website.WebMath.SpeedTestcases" time="21.844" errors="0" timestamp="2023-06-24T20:56:46 IST" skipped="0">
  <testcase classname="com.website.WebMath.SpeedTestcases" name="Conversion" time="21.844"/>
  <system-out/>
</testsuite> <!-- com.website.WebMath.SpeedTestcases -->
